<?xml version="1.0" encoding="UTF-8"?>
<testng-results ignored="0" total="3" passed="3" failed="0" skipped="0">
  <reporter-output>
  </reporter-output>
  <suite started-at="2023-03-06T13:41:58 IST" name="Regession Suite" finished-at="2023-03-06T13:42:37 IST" duration-ms="38690">
    <groups>
    </groups>
    <test started-at="2023-03-06T13:41:58 IST" name="Test" finished-at="2023-03-06T13:42:37 IST" duration-ms="38690">
      <class name="com.Shopping.TestCases.LoginPageTest">
        <test-method is-config="true" signature="setup()[pri:0, instance:com.Shopping.TestCases.LoginPageTest@4686afc2]" started-at="2023-03-06T13:42:21 IST" name="setup" finished-at="2023-03-06T13:42:29 IST" duration-ms="8165" status="PASS">
          <reporter-output>
          </reporter-output>
        </test-method> <!-- setup -->
        <test-method signature="verifyvalidlogin()[pri:0, instance:com.Shopping.TestCases.LoginPageTest@4686afc2]" started-at="2023-03-06T13:42:29 IST" name="verifyvalidlogin" finished-at="2023-03-06T13:42:37 IST" duration-ms="7995" status="PASS">
          <reporter-output>
          </reporter-output>
        </test-method> <!-- verifyvalidlogin -->
        <test-method is-config="true" signature="teardown()[pri:0, instance:com.Shopping.TestCases.LoginPageTest@4686afc2]" started-at="2023-03-06T13:42:37 IST" name="teardown" finished-at="2023-03-06T13:42:37 IST" duration-ms="364" status="PASS">
          <reporter-output>
          </reporter-output>
        </test-method> <!-- teardown -->
      </class> <!-- com.Shopping.TestCases.LoginPageTest -->
      <class name="com.Shopping.TestCases.HomepageTest">
        <test-method is-config="true" signature="setup()[pri:0, instance:com.Shopping.TestCases.HomepageTest@54a7079e]" started-at="2023-03-06T13:41:59 IST" name="setup" finished-at="2023-03-06T13:42:11 IST" duration-ms="12629" status="PASS">
          <reporter-output>
          </reporter-output>
        </test-method> <!-- setup -->
        <test-method signature="verifypageTitle()[pri:0, instance:com.Shopping.TestCases.HomepageTest@54a7079e]" started-at="2023-03-06T13:42:11 IST" name="verifypageTitle" finished-at="2023-03-06T13:42:11 IST" duration-ms="33" status="PASS">
          <reporter-output>
          </reporter-output>
        </test-method> <!-- verifypageTitle -->
        <test-method is-config="true" signature="teardown()[pri:0, instance:com.Shopping.TestCases.HomepageTest@54a7079e]" started-at="2023-03-06T13:42:11 IST" name="teardown" finished-at="2023-03-06T13:42:12 IST" duration-ms="325" status="PASS">
          <reporter-output>
          </reporter-output>
        </test-method> <!-- teardown -->
        <test-method is-config="true" signature="setup()[pri:0, instance:com.Shopping.TestCases.HomepageTest@54a7079e]" started-at="2023-03-06T13:42:12 IST" name="setup" finished-at="2023-03-06T13:42:20 IST" duration-ms="8684" status="PASS">
          <reporter-output>
          </reporter-output>
        </test-method> <!-- setup -->
        <test-method signature="verifyHomePageLanding()[pri:1, instance:com.Shopping.TestCases.HomepageTest@54a7079e]" started-at="2023-03-06T13:42:20 IST" name="verifyHomePageLanding" finished-at="2023-03-06T13:42:20 IST" duration-ms="57" status="PASS">
          <reporter-output>
          </reporter-output>
        </test-method> <!-- verifyHomePageLanding -->
        <test-method is-config="true" signature="teardown()[pri:0, instance:com.Shopping.TestCases.HomepageTest@54a7079e]" started-at="2023-03-06T13:42:20 IST" name="teardown" finished-at="2023-03-06T13:42:21 IST" duration-ms="318" status="PASS">
          <reporter-output>
          </reporter-output>
        </test-method> <!-- teardown -->
      </class> <!-- com.Shopping.TestCases.HomepageTest -->
    </test> <!-- Test -->
  </suite> <!-- Regession Suite -->
</testng-results>
