<?xml version="1.0" encoding="UTF-8"?>
<!-- Generated by org.testng.reporters.JUnitXMLReporter -->
<testsuite ignored="0" hostname="Sules1749154" failures="0" tests="3" name="Test" time="38.69" errors="0" timestamp="2023-03-06T13:42:37 IST">
  <testcase classname="com.Shopping.TestCases.HomepageTest" name="verifypageTitle" time="0.033"/>
  <testcase classname="com.Shopping.TestCases.HomepageTest" name="verifyHomePageLanding" time="0.057"/>
  <testcase classname="com.Shopping.TestCases.LoginPageTest" name="verifyvalidlogin" time="7.995"/>
</testsuite> <!-- Test -->
